Arguments: 
  /usr/local/bin/node /usr/local/bin/yarn

PATH: 
  /Users/genv/.composer/vendor/bin:/data/gopath/bin:/usr/local/bin:/usr/bin:/bin:/usr/sbin:/sbin:/usr/local/go/bin

Yarn version: 
  1.3.2

Node version: 
  9.11.1

Platform: 
  darwin x64

npm manifest: 
  {
      "name": "photon-token",
      "version": "1.0.0",
      "description": "Photon token of Photochain platform",
      "main": "index.js",
      "scripts": {
          "compile": "run-p -c --aggregate-output compile:sol compile:ts",
          "compile:sol": "truffle compile --contracts_build_directory .cache/contracts",
          "compile:ts": "tsc",
          "test": "run-s compile test:truffle",
          "test:truffle": "truffle test --contracts_build_directory .cache/contracts",
          "lint": "run-p -c --aggregate-output lint:solium lint:tslint",
          "lint:tslint": "tslint --project .",
          "lint:solium": "solium -d contracts",
          "format": "prettier --write \"**/*.ts\""
      },
      "repository": {
          "type": "git",
          "url": "git+https://github.com/photochain/photon-token.git"
      },
      "keywords": [
          "photochain",
          "erc20",
          "token",
          "ethereum"
      ],
      "author": {
          "name": "Jakub Stefanski",
          "url": "https://jakubstefanski.com"
      },
      "license": "MIT",
      "bugs": {
          "url": "https://github.com/photochain/photon-token/issues"
      },
      "homepage": "https://github.com/photochain/photon-token#readme",
      "devDependencies": {
          "@types/chai": "^4.1.2",
          "@types/mocha": "^5.0.0",
          "@types/node": "^9.6.2",
          "@types/ramda": "^0.25.21",
          "bignumber.js": "^5.0.0",
          "chai": "^4.1.2",
          "npm-run-all": "^4.1.2",
          "prettier": "^1.11.1",
          "ramda": "^0.25.0",
          "solium": "^1.1.6",
          "truffle": "^4.1.5",
          "tslint": "^5.9.1",
          "typescript": "^2.8.1"
      }
  }

yarn manifest: 
  No manifest

Lockfile: 
  No lockfile

Trace: 
  Error: https://registry.yarnpkg.com/@types%2fchai: ETIMEDOUT
      at Timeout._onTimeout (/usr/local/lib/node_modules/yarn/lib/cli.js:123749:19)
      at ontimeout (timers.js:466:11)
      at tryOnTimeout (timers.js:304:5)
      at Timer.listOnTimeout (timers.js:267:5)
